F:\PROJECTS\PROGRAMMING\TOED\RELEASE\TOED.EXE
F:\PROJECTS\PROGRAMMING\TOED\RELEASE\TOED.PDB
F:\Projects\Programming\Toed\Toed\Release\cl.command.1.tlog
F:\Projects\Programming\Toed\Toed\Release\CL.read.1.tlog
F:\Projects\Programming\Toed\Toed\Release\CL.write.1.tlog
F:\Projects\Programming\Toed\Toed\Release\link.command.1.tlog
F:\Projects\Programming\Toed\Toed\Release\link.read.1.tlog
F:\Projects\Programming\Toed\Toed\Release\link.write.1.tlog
F:\Projects\Programming\Toed\Toed\Release\link-cvtres.read.1.tlog
F:\Projects\Programming\Toed\Toed\Release\link-cvtres.write.1.tlog
F:\PROJECTS\PROGRAMMING\TOED\TOED\RELEASE\MAIN.OBJ
F:\Projects\Programming\Toed\Toed\Release\mt.command.1.tlog
F:\Projects\Programming\Toed\Toed\Release\mt.read.1.tlog
F:\Projects\Programming\Toed\Toed\Release\mt.write.1.tlog
F:\Projects\Programming\Toed\Toed\Release\rc.command.1.tlog
F:\Projects\Programming\Toed\Toed\Release\rc.read.1.tlog
F:\Projects\Programming\Toed\Toed\Release\rc.write.1.tlog
F:\PROJECTS\PROGRAMMING\TOED\TOED\RELEASE\TOED.EXE.INTERMEDIATE.MANIFEST
F:\PROJECTS\PROGRAMMING\TOED\TOED\RELEASE\TOED.RES
F:\Projects\Programming\Toed\Toed\Release\Toed.vcxprojResolveAssemblyReference.cache
F:\Projects\Programming\Toed\Toed\Release\Toed.write.1.tlog
F:\PROJECTS\PROGRAMMING\TOED\TOED\RELEASE\TOEDAIPLAYERCLASS.OBJ
F:\PROJECTS\PROGRAMMING\TOED\TOED\RELEASE\TOEDBOARDCLASS.OBJ
F:\PROJECTS\PROGRAMMING\TOED\TOED\RELEASE\TOEDGAMECLASS.OBJ
F:\PROJECTS\PROGRAMMING\TOED\TOED\RELEASE\TOEDPLAYERCLASS.OBJ
F:\PROJECTS\PROGRAMMING\TOED\TOED\RELEASE\TOEDWINGUIPLAYERCLASS.OBJ
F:\PROJECTS\PROGRAMMING\TOED\TOED\RELEASE\TOEDWINMENUCLASS.OBJ
F:\PROJECTS\PROGRAMMING\TOED\TOED\RELEASE\VC100.PDB
