Build started 3/26/2013 12:00:13 AM.
     1>Project "F:\Projects\Programming\Toed\Toed\Toed.vcxproj" on node 2 (rebuild target(s)).
     1>_PrepareForClean:
         Deleting file "Debug\Toed.lastbuildstate".
       InitializeBuildStatus:
         Touching "Debug\Toed.unsuccessfulbuild".
       ClCompile:
         C:\Program Files (x86)\Microsoft Visual Studio 10.0\VC\bin\CL.exe /c /ZI /nologo /W3 /WX- /Od /Oy- /D WIN32 /D _DEBUG /D _WINDOWS /D _UNICODE /D UNICODE /Gm /EHsc /RTC1 /MDd /GS /fp:precise /Zc:wchar_t /Zc:forScope /Fo"Debug\\" /Fd"Debug\vc100.pdb" /Gd /TP /analyze- /errorReport:prompt ..\Common\ToedAIPlayerClass.cpp ..\Common\ToedBoardClass.cpp ..\Common\ToedGameClass.cpp ..\Common\ToedPlayerClass.cpp main.cpp ToedWinGUIPlayerClass.cpp ToedWinMenuClass.cpp
         ToedWinMenuClass.cpp
     1>f:\projects\programming\toed\toed\toedwinmenuclass.cpp(68): warning C4018: '<' : signed/unsigned mismatch
     1>f:\projects\programming\toed\toed\toedwinmenuclass.cpp(79): warning C4018: '<' : signed/unsigned mismatch
     1>f:\projects\programming\toed\toed\toedwinmenuclass.cpp(102): warning C4018: '<' : signed/unsigned mismatch
     1>f:\projects\programming\toed\toed\toedwinmenuclass.cpp(113): warning C4018: '<' : signed/unsigned mismatch
         ToedWinGUIPlayerClass.cpp
         main.cpp
     1>f:\projects\programming\toed\toed\main.cpp(190): warning C4244: 'initializing' : conversion from 'LONG' to 'char', possible loss of data
         ToedPlayerClass.cpp
         ToedGameClass.cpp
     1>f:\projects\programming\toed\common\toedgameclass.cpp(53): warning C4244: 'argument' : conversion from 'time_t' to 'unsigned int', possible loss of data
         ToedBoardClass.cpp
         ToedAIPlayerClass.cpp
     1>f:\projects\programming\toed\common\toedaiplayerclass.cpp(62): warning C4244: 'return' : conversion from 'double' to 'float', possible loss of data
     1>f:\projects\programming\toed\common\toedaiplayerclass.cpp(65): warning C4244: 'return' : conversion from 'double' to 'float', possible loss of data
         Generating Code...
     1>f:\projects\programming\toed\toed\toedwinmenuclass.cpp(119): warning C4715: 'ToedWinMenu::Clicked' : not all control paths return a value
       ResourceCompile:
         C:\Program Files (x86)\Microsoft SDKs\Windows\v7.0A\bin\rc.exe /D _UNICODE /D UNICODE /l"0x0409" /nologo /fo"Debug\Toed.res" Toed.rc 
       ManifestResourceCompile:
         C:\Program Files (x86)\Microsoft SDKs\Windows\v7.0A\bin\rc.exe /nologo /fo"Debug\Toed.exe.embed.manifest.res" Debug\Toed_manifest.rc 
       Link:
         C:\Program Files (x86)\Microsoft Visual Studio 10.0\VC\bin\link.exe /ERRORREPORT:PROMPT /OUT:"F:\Projects\Programming\Toed\Debug\Toed.exe" /INCREMENTAL /NOLOGO kernel32.lib user32.lib gdi32.lib winspool.lib comdlg32.lib advapi32.lib shell32.lib ole32.lib oleaut32.lib uuid.lib odbc32.lib odbccp32.lib /MANIFEST /ManifestFile:"Debug\Toed.exe.intermediate.manifest" /MANIFESTUAC:"level='asInvoker' uiAccess='false'" /DEBUG /PDB:"F:\Projects\Programming\Toed\Debug\Toed.pdb" /SUBSYSTEM:WINDOWS /TLBID:1 /DYNAMICBASE /NXCOMPAT /IMPLIB:"F:\Projects\Programming\Toed\Debug\Toed.lib" /MACHINE:X86 Debug\Toed.res
         Debug\Toed.exe.embed.manifest.res
         Debug\ToedAIPlayerClass.obj
         Debug\ToedBoardClass.obj
         Debug\ToedGameClass.obj
         Debug\ToedPlayerClass.obj
         Debug\main.obj
         Debug\ToedWinGUIPlayerClass.obj
         Debug\ToedWinMenuClass.obj
       Manifest:
         Deleting file "Debug\Toed.exe.embed.manifest".
         C:\Program Files (x86)\Microsoft SDKs\Windows\v7.0A\bin\mt.exe /nologo /verbose /out:"Debug\Toed.exe.embed.manifest" /manifest Debug\Toed.exe.intermediate.manifest
         C:\Program Files (x86)\Microsoft SDKs\Windows\v7.0A\bin\rc.exe /nologo /fo"Debug\Toed.exe.embed.manifest.res" Debug\Toed_manifest.rc 
       LinkEmbedManifest:
         C:\Program Files (x86)\Microsoft Visual Studio 10.0\VC\bin\link.exe /ERRORREPORT:PROMPT /OUT:"F:\Projects\Programming\Toed\Debug\Toed.exe" /INCREMENTAL /NOLOGO kernel32.lib user32.lib gdi32.lib winspool.lib comdlg32.lib advapi32.lib shell32.lib ole32.lib oleaut32.lib uuid.lib odbc32.lib odbccp32.lib /MANIFEST /ManifestFile:"Debug\Toed.exe.intermediate.manifest" /MANIFESTUAC:"level='asInvoker' uiAccess='false'" /DEBUG /PDB:"F:\Projects\Programming\Toed\Debug\Toed.pdb" /SUBSYSTEM:WINDOWS /TLBID:1 /DYNAMICBASE /NXCOMPAT /IMPLIB:"F:\Projects\Programming\Toed\Debug\Toed.lib" /MACHINE:X86 Debug\Toed.res
         Debug\Toed.exe.embed.manifest.res
         Debug\ToedAIPlayerClass.obj
         Debug\ToedBoardClass.obj
         Debug\ToedGameClass.obj
         Debug\ToedPlayerClass.obj
         Debug\main.obj
         Debug\ToedWinGUIPlayerClass.obj
         Debug\ToedWinMenuClass.obj
         Toed.vcxproj -> F:\Projects\Programming\Toed\Debug\Toed.exe
       FinalizeBuildStatus:
         Deleting file "Debug\Toed.unsuccessfulbuild".
         Touching "Debug\Toed.lastbuildstate".
     1>Done Building Project "F:\Projects\Programming\Toed\Toed\Toed.vcxproj" (rebuild target(s)).

Build succeeded.

Time Elapsed 00:00:04.57
