F:\Projects\Programming\Toed\Toed\Debug\cl.command.1.tlog
F:\Projects\Programming\Toed\Toed\Debug\CL.read.1.tlog
F:\Projects\Programming\Toed\Toed\Debug\CL.write.1.tlog
F:\Projects\Programming\Toed\Toed\Debug\link.command.1.tlog
F:\Projects\Programming\Toed\Toed\Debug\link.read.1.tlog
F:\Projects\Programming\Toed\Toed\Debug\link.write.1.tlog
F:\PROJECTS\PROGRAMMING\TOED\TOED\DEBUG\MAIN.OBJ
F:\Projects\Programming\Toed\Toed\Debug\rc.command.1.tlog
F:\Projects\Programming\Toed\Toed\Debug\rc.read.1.tlog
F:\Projects\Programming\Toed\Toed\Debug\rc.write.1.tlog
F:\Projects\Programming\Toed\Toed\Debug\Toed.exe.embed.manifest
F:\PROJECTS\PROGRAMMING\TOED\TOED\DEBUG\TOED.EXE.EMBED.MANIFEST.RES
F:\PROJECTS\PROGRAMMING\TOED\TOED\DEBUG\TOED.RES
F:\Projects\Programming\Toed\Toed\Debug\Toed.write.1.tlog
F:\Projects\Programming\Toed\Toed\Debug\Toed_manifest.rc
F:\PROJECTS\PROGRAMMING\TOED\TOED\DEBUG\TOEDAIPLAYERCLASS.OBJ
F:\PROJECTS\PROGRAMMING\TOED\TOED\DEBUG\TOEDBOARDCLASS.OBJ
F:\PROJECTS\PROGRAMMING\TOED\TOED\DEBUG\TOEDGAMECLASS.OBJ
F:\PROJECTS\PROGRAMMING\TOED\TOED\DEBUG\TOEDPLAYERCLASS.OBJ
F:\PROJECTS\PROGRAMMING\TOED\TOED\DEBUG\TOEDWINGUIPLAYERCLASS.OBJ
F:\PROJECTS\PROGRAMMING\TOED\TOED\DEBUG\TOEDWINMENUCLASS.OBJ
F:\Projects\Programming\Toed\Toed\Debug\vc100.idb
F:\PROJECTS\PROGRAMMING\TOED\TOED\DEBUG\VC100.PDB
